d:\workspace\project\f-code\game\jumpkingv2\x64\debug\vc143.pdb
d:\workspace\project\f-code\game\jumpkingv2\x64\debug\vc143.idb
d:\workspace\project\f-code\game\jumpkingv2\x64\debug\tilelayer.obj
d:\workspace\project\f-code\game\jumpkingv2\x64\debug\textobject.obj
d:\workspace\project\f-code\game\jumpkingv2\x64\debug\mainobject.obj
d:\workspace\project\f-code\game\jumpkingv2\x64\debug\main.obj
d:\workspace\project\f-code\game\jumpkingv2\x64\debug\layer.obj
d:\workspace\project\f-code\game\jumpkingv2\x64\debug\imptimer.obj
d:\workspace\project\f-code\game\jumpkingv2\x64\debug\game_map.obj
d:\workspace\project\f-code\game\jumpkingv2\x64\debug\gamemap.obj
d:\workspace\project\f-code\game\jumpkingv2\x64\debug\commonfunction.obj
d:\workspace\project\f-code\game\jumpkingv2\x64\debug\baseobject.obj
d:\workspace\project\f-code\game\jumpkingv2\x64\debug\tinyxmlparser.obj
d:\workspace\project\f-code\game\jumpkingv2\x64\debug\tinyxmlerror.obj
d:\workspace\project\f-code\game\jumpkingv2\x64\debug\tinyxml.obj
d:\workspace\project\f-code\game\jumpkingv2\x64\debug\tinystr.obj
d:\workspace\project\f-code\game\jumpkingv2\x64\debug\mapparser.obj
d:\workspace\project\f-code\game\jumpkingv2\x64\debug\jumpkingv2.ilk
d:\workspace\project\f-code\game\jumpkingv2\x64\debug\jumpkingv2.pdb
d:\workspace\project\f-code\game\jumpkingv2\x64\debug\jumpkingv2.tlog\cl.command.1.tlog
d:\workspace\project\f-code\game\jumpkingv2\x64\debug\jumpkingv2.tlog\cl.read.1.tlog
d:\workspace\project\f-code\game\jumpkingv2\x64\debug\jumpkingv2.tlog\cl.write.1.tlog
d:\workspace\project\f-code\game\jumpkingv2\x64\debug\jumpkingv2.tlog\link.command.1.tlog
d:\workspace\project\f-code\game\jumpkingv2\x64\debug\jumpkingv2.tlog\link.read.1.tlog
d:\workspace\project\f-code\game\jumpkingv2\x64\debug\jumpkingv2.tlog\link.write.1.tlog
