  BaseObject.c
  CommonFunction.c
  GameMap.c
D:\Workspace\Project\F-Code\Game\JumpKingV2\GameMap.c(11,22): warning C4133: '=': incompatible types - from 'GPtrArray *' to 'GList *'
D:\Workspace\Project\F-Code\Game\JumpKingV2\GameMap.c(45,5): warning C4133: 'return': incompatible types - from 'GList *const ' to 'GPtrArray *'
  game_map.c
D:\Workspace\Project\F-Code\Game\JumpKingV2\game_map.c(40,102): warning C4311: 'type cast': pointer truncation from 'gpointer' to 'int'
  ImpTimer.c
  Layer.c
D:\Workspace\Project\F-Code\Game\JumpKingV2\Layer.c(6,19): warning C4113: 'void (__cdecl *)(TileLayer *,int,int,int)' differs in parameter lists from 'void (__cdecl *)(Layer *)'
D:\Workspace\Project\F-Code\Game\JumpKingV2\Layer.c(7,19): warning C4113: 'void (__cdecl *)(TileLayer *)' differs in parameter lists from 'void (__cdecl *)(Layer *)'
  main.c
  MainObject.c
D:\Workspace\Project\F-Code\Game\JumpKingV2\MainObject.c(111,42): warning C4244: '=': conversion from 'float' to 'int', possible loss of data
D:\Workspace\Project\F-Code\Game\JumpKingV2\MainObject.c(112,42): warning C4244: '=': conversion from 'float' to 'int', possible loss of data
D:\Workspace\Project\F-Code\Game\JumpKingV2\MainObject.c(180,33): warning C4305: '+=': truncation from 'double' to 'float'
D:\Workspace\Project\F-Code\Game\JumpKingV2\MainObject.c(185,25): warning C4305: '+=': truncation from 'double' to 'float'
D:\Workspace\Project\F-Code\Game\JumpKingV2\MainObject.c(222,38): warning C4305: '+=': truncation from 'double' to 'float'
D:\Workspace\Project\F-Code\Game\JumpKingV2\MainObject.c(233,38): warning C4305: '+=': truncation from 'double' to 'float'
D:\Workspace\Project\F-Code\Game\JumpKingV2\MainObject.c(266,35): warning C4244: '=': conversion from 'float' to 'int', possible loss of data
D:\Workspace\Project\F-Code\Game\JumpKingV2\MainObject.c(274,35): warning C4244: '=': conversion from 'float' to 'int', possible loss of data
D:\Workspace\Project\F-Code\Game\JumpKingV2\MainObject.c(293,35): warning C4244: '=': conversion from 'float' to 'int', possible loss of data
D:\Workspace\Project\F-Code\Game\JumpKingV2\MainObject.c(294,59): warning C4244: '=': conversion from 'float' to 'int', possible loss of data
D:\Workspace\Project\F-Code\Game\JumpKingV2\MainObject.c(296,21): warning C4244: '=': conversion from 'float' to 'int', possible loss of data
D:\Workspace\Project\F-Code\Game\JumpKingV2\MainObject.c(297,38): warning C4244: '=': conversion from 'float' to 'int', possible loss of data
D:\Workspace\Project\F-Code\Game\JumpKingV2\MainObject.c(305,22): warning C4244: '=': conversion from 'int' to 'float', possible loss of data
D:\Workspace\Project\F-Code\Game\JumpKingV2\MainObject.c(317,28): warning C4244: '=': conversion from 'int' to 'float', possible loss of data
D:\Workspace\Project\F-Code\Game\JumpKingV2\MainObject.c(327,21): warning C4244: '=': conversion from 'float' to 'int', possible loss of data
D:\Workspace\Project\F-Code\Game\JumpKingV2\MainObject.c(328,33): warning C4244: '=': conversion from 'float' to 'int', possible loss of data
D:\Workspace\Project\F-Code\Game\JumpKingV2\MainObject.c(330,35): warning C4244: '=': conversion from 'float' to 'int', possible loss of data
D:\Workspace\Project\F-Code\Game\JumpKingV2\MainObject.c(331,60): warning C4244: '=': conversion from 'float' to 'int', possible loss of data
D:\Workspace\Project\F-Code\Game\JumpKingV2\MainObject.c(339,22): warning C4244: '=': conversion from 'int' to 'float', possible loss of data
D:\Workspace\Project\F-Code\Game\JumpKingV2\MainObject.c(360,28): warning C4244: '=': conversion from 'int' to 'float', possible loss of data
D:\Workspace\Project\F-Code\Game\JumpKingV2\MainObject.c(375,54): warning C4244: '=': conversion from 'int' to 'float', possible loss of data
  TextObject.c
  TileLayer.c
D:\Workspace\Project\F-Code\Game\JumpKingV2\TileLayer.c(54,20): warning C4018: '<': signed/unsigned mismatch
  Generating Code...
  MapParser.cpp
  tinystr.cpp
  tinyxml.cpp
  tinyxmlerror.cpp
  tinyxmlparser.cpp
  Generating Code...
  JumpKingV2.vcxproj -> D:\Workspace\Project\F-Code\Game\JumpKingV2\x64\Debug\JumpKingV2.exe
